###############################################################
#  Generated by:      Cadence Innovus 21.17-s075_1
#  OS:                Linux x86_64(Host ID linux-ssh-06.ews.illinois.edu)
#  Generated on:      Fri Apr 19 00:08:09 2024
#  Design:            cpu
#  Command:           verify_drc
###############################################################

SPACING: ( ParallelRunLength Spacing ) Special Wire of Net vss! & Blockage of Cell control/U320  ( metal1 )
Bounds : ( 23.638, 76.590 ) ( 23.702, 76.652 )


SPACING: ( ParallelRunLength Spacing ) Special Wire of Net vss! & Pin of Cell control/U320  ( metal1 )
Bounds : ( 24.035, 76.590 ) ( 24.100, 76.650 )


SPACING: ( ParallelRunLength Spacing ) Special Wire of Net vss! & Blockage of Cell control/U331  ( metal1 )
Bounds : ( 24.142, 76.853 ) ( 24.208, 76.915 )


SPACING: ( ParallelRunLength Spacing ) Special Wire of Net vss! & Pin of Cell control/U304  ( metal1 )
Bounds : ( 26.885, 76.853 ) ( 26.950, 76.915 )


SPACING: ( ParallelRunLength Spacing ) Special Wire of Net vss! & Blockage of Cell control/U235  ( metal1 )
Bounds : ( 27.048, 69.007 ) ( 27.112, 69.070 )


SPACING: ( ParallelRunLength Spacing ) Special Wire of Net vss! & Pin of Cell control/U264  ( metal1 )
Bounds : ( 27.390, 68.743 ) ( 27.455, 68.805 )


SPACING: ( ParallelRunLength Spacing ) Special Wire of Net vss! & Pin of Cell control/U235  ( metal1 )
Bounds : ( 27.445, 69.007 ) ( 27.510, 69.070 )


SPACING: ( ParallelRunLength Spacing ) Special Wire of Net vss! & Pin of Cell control/U11  ( metal1 )
Bounds : ( 30.245, 76.590 ) ( 30.310, 76.652 )


SPACING: ( ParallelRunLength Spacing ) Regular Wire of Net rd_sel[22] & Pin of Cell datapath/bitslices[0].bitslice/regfile  ( metal2 )
Bounds : ( 35.645, 10.828 ) ( 35.750, 10.898 )


SPACING: ( ParallelRunLength Spacing ) Regular Wire of Net rd_sel[22] & Pin of Cell datapath/bitslices[1].bitslice/regfile  ( metal2 )
Bounds : ( 35.645, 11.858 ) ( 35.750, 11.927 )


  Total Violations : 10 Viols.
