###############################################################
#  Generated by:      Cadence Innovus 21.17-s075_1
#  OS:                Linux x86_64(Host ID dcl-l440-28.ews.illinois.edu)
#  Generated on:      Thu Apr 18 15:29:49 2024
#  Design:            control
#  Command:           verify_drc
###############################################################

SPACING: ( ParallelRunLength Spacing ) Special Wire of Net vss! & Pin of Cell U669  ( metal1 )
Bounds : ( 29.130, 11.480 ) ( 29.195, 11.542 )


SPACING: ( ParallelRunLength Spacing ) Special Wire of Net vss! & Pin of Cell U687  ( metal1 )
Bounds : ( 29.160, 11.215 ) ( 29.225, 11.278 )


SPACING: ( ParallelRunLength Spacing ) Special Wire of Net vss! & Pin of Cell U711  ( metal1 )
Bounds : ( 38.600, 11.477 ) ( 38.665, 11.540 )


SPACING: ( ParallelRunLength Spacing ) Regular Wire of Net n479 & Special Wire of Net vss!  ( metal1 )
Bounds : ( 39.805, 11.212 ) ( 39.870, 11.275 )


SPACING: ( ParallelRunLength Spacing ) Special Wire of Net vss! & Pin of Cell U695  ( metal1 )
Bounds : ( 39.960, 11.477 ) ( 40.025, 11.540 )


SPACING: ( ParallelRunLength Spacing ) Special Wire of Net vss! & Pin of Cell U723  ( metal1 )
Bounds : ( 43.815, 11.212 ) ( 43.880, 11.275 )


SPACING: ( ParallelRunLength Spacing ) Special Wire of Net vss! & Pin of Cell U722  ( metal1 )
Bounds : ( 44.115, 11.477 ) ( 44.180, 11.540 )


SPACING: ( ParallelRunLength Spacing ) Special Wire of Net vss! & Pin of Cell U471  ( metal1 )
Bounds : ( 57.305, 11.212 ) ( 57.370, 11.275 )


SPACING: ( ParallelRunLength Spacing ) Special Wire of Net vss! & Blockage of Cell U626  ( metal1 )
Bounds : ( 57.393, 11.477 ) ( 57.458, 11.540 )


SPACING: ( ParallelRunLength Spacing ) Regular Wire of Net n379 & Special Wire of Net vss!  ( metal1 )
Bounds : ( 66.025, 11.212 ) ( 66.090, 11.275 )


SPACING: ( ParallelRunLength Spacing ) Special Wire of Net vss! & Pin of Cell U452  ( metal1 )
Bounds : ( 66.215, 11.477 ) ( 66.280, 11.540 )


  Total Violations : 11 Viols.
